[debug] [2021-01-13T10:58:59.878Z] ----------------------------------------------------------------------
[debug] [2021-01-13T10:58:59.908Z] Command:       C:\Program Files\nodejs\node.exe C:\Users\ADMIN\AppData\Roaming\npm\node_modules\firebase-tools\lib\bin\firebase.js init
[debug] [2021-01-13T10:58:59.910Z] CLI Version:   8.17.0
[debug] [2021-01-13T10:58:59.911Z] Platform:      win32
[debug] [2021-01-13T10:58:59.911Z] Node Version:  v14.15.2
[debug] [2021-01-13T10:59:00.090Z] Time:          Wed Jan 13 2021 13:58:59 GMT+0300 (East Africa Time)
[debug] [2021-01-13T10:59:00.092Z] ----------------------------------------------------------------------
[debug] [2021-01-13T10:59:00.093Z] 
[debug] [2021-01-13T10:59:00.126Z] >>> [apiv2][query] GET https://firebase-public.firebaseio.com/cli.json [none]
[debug] [2021-01-13T10:59:00.352Z] > command requires scopes: ["email","openid","https://www.googleapis.com/auth/cloudplatformprojects.readonly","https://www.googleapis.com/auth/firebase","https://www.googleapis.com/auth/cloud-platform"]
[debug] [2021-01-13T10:59:00.355Z] > authorizing via signed-in user
[info] 
     ######## #### ########  ######## ########     ###     ######  ########
     ##        ##  ##     ## ##       ##     ##  ##   ##  ##       ##
     ######    ##  ########  ######   ########  #########  ######  ######
     ##        ##  ##    ##  ##       ##     ## ##     ##       ## ##
     ##       #### ##     ## ######## ########  ##     ##  ######  ########

You're about to initialize a Firebase project in this directory:

  C:\Users\ADMIN\Desktop\PROJECTB21\new\kyagulanyi2021

Before we get started, keep in mind:

  * You are initializing in an existing Firebase project directory

[debug] [2021-01-13T10:59:01.475Z] <<< [apiv2][status] GET https://firebase-public.firebaseio.com/cli.json 200
[debug] [2021-01-13T10:59:01.477Z] <<< [apiv2][body] GET https://firebase-public.firebaseio.com/cli.json {"cloudBuildErrorAfter":1594252800000,"cloudBuildWarnAfter":1590019200000,"defaultNode10After":1594252800000,"minVersion":"3.0.5","node8DeploysDisabledAfter":1613390400000,"node8RuntimeDisabledAfter":1615809600000,"node8WarnAfter":1600128000000}
[info] 
=== Project Setup
[info] 
[info] First, let's associate this project directory with a Firebase project.
[info] You can create multiple project aliases by running firebase use --add, 
[info] but for now we'll just set up a default project.
[info] 
[info] i  .firebaserc already has a default project, using projectk21-1a365. 
[debug] [2021-01-13T10:59:09.514Z] > refreshing access token with scopes: ["email","https://www.googleapis.com/auth/cloud-platform","https://www.googleapis.com/auth/cloudplatformprojects.readonly","https://www.googleapis.com/auth/firebase","openid"]
[debug] [2021-01-13T10:59:09.517Z] >>> HTTP REQUEST POST https://www.googleapis.com/oauth2/v3/token  
 <request body omitted>
[debug] [2021-01-13T10:59:10.078Z] <<< HTTP RESPONSE 200 {"cache-control":"no-cache, no-store, max-age=0, must-revalidate","pragma":"no-cache","expires":"Mon, 01 Jan 1990 00:00:00 GMT","date":"Wed, 13 Jan 2021 10:59:10 GMT","content-type":"application/json; charset=utf-8","vary":"X-Origin, Referer, Origin,Accept-Encoding","server":"scaffolding on HTTPServer2","x-xss-protection":"0","x-frame-options":"SAMEORIGIN","x-content-type-options":"nosniff","alt-svc":"h3-29=\":443\"; ma=2592000,h3-T051=\":443\"; ma=2592000,h3-Q050=\":443\"; ma=2592000,h3-Q046=\":443\"; ma=2592000,h3-Q043=\":443\"; ma=2592000,quic=\":443\"; ma=2592000; v=\"46,43\"","accept-ranges":"none","transfer-encoding":"chunked"}
[debug] [2021-01-13T10:59:10.407Z] >>> HTTP REQUEST GET https://firebase.googleapis.com/v1beta1/projects/projectk21-1a365  
 
[debug] [2021-01-13T10:59:31.817Z] Server Error. connect ETIMEDOUT 216.58.223.74:443
[debug] [2021-01-13T10:59:52.915Z] FirebaseError: Server Error. connect ETIMEDOUT 216.58.223.74:443
    at Request._callback (C:\Users\ADMIN\AppData\Roaming\npm\node_modules\firebase-tools\lib\api.js:32:31)
    at self.callback (C:\Users\ADMIN\AppData\Roaming\npm\node_modules\firebase-tools\node_modules\request\request.js:185:22)
    at Request.emit (events.js:315:20)
    at Request.EventEmitter.emit (domain.js:467:12)
    at Request.onRequestError (C:\Users\ADMIN\AppData\Roaming\npm\node_modules\firebase-tools\node_modules\request\request.js:877:8)
    at ClientRequest.emit (events.js:327:22)
    at ClientRequest.EventEmitter.emit (domain.js:467:12)
    at TLSSocket.socketErrorListener (_http_client.js:469:9)
    at TLSSocket.emit (events.js:315:20)
    at TLSSocket.EventEmitter.emit (domain.js:467:12)
    at emitErrorNT (internal/streams/destroy.js:106:8)
    at emitErrorCloseNT (internal/streams/destroy.js:74:3)
    at processTicksAndRejections (internal/process/task_queues.js:80:21)
[error] 
[error] Error: Failed to get Firebase project projectk21-1a365. Please make sure the project exists and your account has permission to access it.
